<?xml version="1.0" encoding="UTF-8"?>
<!-- Generated by org.testng.reporters.JUnitXMLReporter -->
<testsuite hostname="MJLT-1411" ignored="0" name="Test1" tests="1" failures="1" timestamp="15 Dec 2020 07:40:27 GMT" time="318.887" errors="0">
  <testcase name="tenderWithCompletedStatusWorkFlowWithThreeBiddersTest" time="294.82" classname="com.testScripts_mjunction.TenderWithCompletedStatusWorkFlowWithThreeBiddersTest">
    <failure type="java.lang.AssertionError" message="Error Message : Unable to click on the field : element click intercepted: Element &amp;lt;a class=&amp;quot;bx-next&amp;quot; href=&amp;quot;&amp;quot;&amp;gt;...&amp;lt;/a&amp;gt; is not clickable at point (1338, 148). Other element would receive the click: &amp;lt;div class=&amp;quot;bootbox modal fade bootbox-alert in&amp;quot; tabindex=&amp;quot;-1&amp;quot; role=&amp;quot;dialog&amp;quot; aria-hidden=&amp;quot;false&amp;quot; style=&amp;quot;display: block;&amp;quot;&amp;gt;...&amp;lt;/div&amp;gt;
  (Session info: chrome=87.0.4280.88)
Build info: version: &amp;apos;3.141.59&amp;apos;, revision: &amp;apos;e82be7d358&amp;apos;, time: &amp;apos;2018-11-14T08:17:03&amp;apos;
System info: host: &amp;apos;MJLT-1411&amp;apos;, ip: &amp;apos;192.168.1.100&amp;apos;, os.name: &amp;apos;Windows 10&amp;apos;, os.arch: &amp;apos;amd64&amp;apos;, os.version: &amp;apos;10.0&amp;apos;, java.version: &amp;apos;1.8.0_241&amp;apos;
Driver info: org.openqa.selenium.chrome.ChromeDriver
Capabilities {acceptInsecureCerts: false, browserName: chrome, browserVersion: 87.0.4280.88, chrome: {chromedriverVersion: 86.0.4240.22 (398b0743353ff..., userDataDir: C:\Users\SNEHAS~1.MUK\AppDa...}, goog:chromeOptions: {debuggerAddress: localhost:62051}, javascriptEnabled: true, networkConnectionEnabled: false, pageLoadStrategy: normal, platform: WINDOWS, platformName: WINDOWS, proxy: Proxy(), setWindowRect: true, strictFileInteractability: false, timeouts: {implicit: 0, pageLoad: 300000, script: 30000}, unhandledPromptBehavior: dismiss and notify, webauthn:virtualAuthenticators: true}
Session ID: 2180d08cd564c3cccf73aa915630e10e">
      <![CDATA[java.lang.AssertionError: Error Message : Unable to click on the field : element click intercepted: Element <a class="bx-next" href="">...</a> is not clickable at point (1338, 148). Other element would receive the click: <div class="bootbox modal fade bootbox-alert in" tabindex="-1" role="dialog" aria-hidden="false" style="display: block;">...</div>
  (Session info: chrome=87.0.4280.88)
Build info: version: '3.141.59', revision: 'e82be7d358', time: '2018-11-14T08:17:03'
System info: host: 'MJLT-1411', ip: '192.168.1.100', os.name: 'Windows 10', os.arch: 'amd64', os.version: '10.0', java.version: '1.8.0_241'
Driver info: org.openqa.selenium.chrome.ChromeDriver
Capabilities {acceptInsecureCerts: false, browserName: chrome, browserVersion: 87.0.4280.88, chrome: {chromedriverVersion: 86.0.4240.22 (398b0743353ff..., userDataDir: C:\Users\SNEHAS~1.MUK\AppDa...}, goog:chromeOptions: {debuggerAddress: localhost:62051}, javascriptEnabled: true, networkConnectionEnabled: false, pageLoadStrategy: normal, platform: WINDOWS, platformName: WINDOWS, proxy: Proxy(), setWindowRect: true, strictFileInteractability: false, timeouts: {implicit: 0, pageLoad: 300000, script: 30000}, unhandledPromptBehavior: dismiss and notify, webauthn:virtualAuthenticators: true}
Session ID: 2180d08cd564c3cccf73aa915630e10e
at com.baseClasses.AutomationException.<init>(AutomationException.java:11)
at com.baseClasses.BaseClass_Web.click(BaseClass_Web.java:88)
at com.components.eTenderComponent.Tender_WithOptionalItemsAndQtyEditableTechnical(eTenderComponent.java:8795)
at com.testScripts_mjunction.TenderWithCompletedStatusWorkFlowWithThreeBiddersTest.tenderWithCompletedStatusWorkFlowWithThreeBiddersTest(TenderWithCompletedStatusWorkFlowWithThreeBiddersTest.java:74)
... Removed 25 stack frames]]>
    </failure>
  </testcase> <!-- tenderWithCompletedStatusWorkFlowWithThreeBiddersTest -->
</testsuite> <!-- Test1 -->
