<?xml version="1.0" encoding="UTF-8"?>
<testng-results skipped="0" failed="1" ignored="0" total="1" passed="0">
  <reporter-output>
  </reporter-output>
  <suite name="Suite" duration-ms="168201" started-at="2021-05-15T14:39:27 IST" finished-at="2021-05-15T14:42:15 IST">
    <groups>
    </groups>
    <test name="Test" duration-ms="168201" started-at="2021-05-15T14:39:27 IST" finished-at="2021-05-15T14:42:15 IST">
      <class name="com.testScripts_mjunction.TG3_TC_TenderCreation_01_tender_publish_with_tender_approval">
        <test-method status="PASS" signature="setUpSuiteDetails(org.testng.ITestContext)[pri:0, instance:com.testScripts_mjunction.TG3_TC_TenderCreation_01_tender_publish_with_tender_approval@78186a70]" name="setUpSuiteDetails" is-config="true" duration-ms="393" started-at="2021-05-15T14:39:27 IST" finished-at="2021-05-15T14:39:27 IST">
          <params>
            <param index="0">
              <value>
                <![CDATA[org.testng.TestRunner@791cbf87]]>
              </value>
            </param>
          </params>
          <reporter-output>
          </reporter-output>
        </test-method> <!-- setUpSuiteDetails -->
        <test-method status="PASS" signature="BeforeClass()[pri:0, instance:com.testScripts_mjunction.TG3_TC_TenderCreation_01_tender_publish_with_tender_approval@78186a70]" name="BeforeClass" is-config="true" duration-ms="3102" started-at="2021-05-15T14:39:27 IST" finished-at="2021-05-15T14:39:30 IST">
          <reporter-output>
          </reporter-output>
        </test-method> <!-- BeforeClass -->
        <test-method status="PASS" signature="captureDesc(java.lang.reflect.Method)[pri:0, instance:com.testScripts_mjunction.TG3_TC_TenderCreation_01_tender_publish_with_tender_approval@78186a70]" name="captureDesc" is-config="true" duration-ms="1" started-at="2021-05-15T14:39:30 IST" finished-at="2021-05-15T14:39:30 IST">
          <params>
            <param index="0">
              <value>
                <![CDATA[public void com.testScripts_mjunction.TG3_TC_TenderCreation_01_tender_publish_with_tender_approval.Tenderpublished_after_tender_approval_TG3(java.lang.String) throws java.lang.Throwable]]>
              </value>
            </param>
          </params>
          <reporter-output>
          </reporter-output>
        </test-method> <!-- captureDesc -->
        <test-method status="FAIL" signature="Tenderpublished_after_tender_approval_TG3(java.lang.String)[pri:0, instance:com.testScripts_mjunction.TG3_TC_TenderCreation_01_tender_publish_with_tender_approval@78186a70]" name="Tenderpublished_after_tender_approval_TG3" duration-ms="142719" started-at="2021-05-15T14:39:30 IST" description="Tenderpublished_after_tender_approval" finished-at="2021-05-15T14:41:53 IST">
          <params>
            <param index="0">
              <value>
                <![CDATA[1]]>
              </value>
            </param>
          </params>
          <exception class="java.lang.AssertionError">
            <message>
              <![CDATA[Error Message : Unable to click on the field : no such element: Unable to locate element: {"method":"xpath","selector":"//img[contains(@src,'icon-login')]"}
  (Session info: chrome=90.0.4430.212)
For documentation on this error, please visit: https://www.seleniumhq.org/exceptions/no_such_element.html
Build info: version: '3.141.59', revision: 'e82be7d358', time: '2018-11-14T08:17:03'
System info: host: 'MJLT-1563', ip: '192.168.0.102', os.name: 'Windows 10', os.arch: 'amd64', os.version: '10.0', java.version: '1.8.0_241'
Driver info: org.openqa.selenium.chrome.ChromeDriver
Capabilities {acceptInsecureCerts: false, browserName: chrome, browserVersion: 90.0.4430.212, chrome: {chromedriverVersion: 89.0.4389.23 (61b08ee2c5002..., userDataDir: C:\Users\arka.dey\AppData\L...}, goog:chromeOptions: {debuggerAddress: localhost:63280}, javascriptEnabled: true, networkConnectionEnabled: false, pageLoadStrategy: normal, platform: WINDOWS, platformName: WINDOWS, proxy: Proxy(), setWindowRect: true, strictFileInteractability: false, timeouts: {implicit: 0, pageLoad: 300000, script: 30000}, unhandledPromptBehavior: dismiss and notify, webauthn:extension:largeBlob: true, webauthn:virtualAuthenticators: true}
Session ID: c81a609a730e8dd0ef0b88e4b27a961f
*** Element info: {Using=xpath, value=//img[contains(@src,'icon-login')]}]]>
            </message>
            <full-stacktrace>
              <![CDATA[java.lang.AssertionError: Error Message : Unable to click on the field : no such element: Unable to locate element: {"method":"xpath","selector":"//img[contains(@src,'icon-login')]"}
  (Session info: chrome=90.0.4430.212)
For documentation on this error, please visit: https://www.seleniumhq.org/exceptions/no_such_element.html
Build info: version: '3.141.59', revision: 'e82be7d358', time: '2018-11-14T08:17:03'
System info: host: 'MJLT-1563', ip: '192.168.0.102', os.name: 'Windows 10', os.arch: 'amd64', os.version: '10.0', java.version: '1.8.0_241'
Driver info: org.openqa.selenium.chrome.ChromeDriver
Capabilities {acceptInsecureCerts: false, browserName: chrome, browserVersion: 90.0.4430.212, chrome: {chromedriverVersion: 89.0.4389.23 (61b08ee2c5002..., userDataDir: C:\Users\arka.dey\AppData\L...}, goog:chromeOptions: {debuggerAddress: localhost:63280}, javascriptEnabled: true, networkConnectionEnabled: false, pageLoadStrategy: normal, platform: WINDOWS, platformName: WINDOWS, proxy: Proxy(), setWindowRect: true, strictFileInteractability: false, timeouts: {implicit: 0, pageLoad: 300000, script: 30000}, unhandledPromptBehavior: dismiss and notify, webauthn:extension:largeBlob: true, webauthn:virtualAuthenticators: true}
Session ID: c81a609a730e8dd0ef0b88e4b27a961f
*** Element info: {Using=xpath, value=//img[contains(@src,'icon-login')]}
at com.baseClasses.AutomationException.<init>(AutomationException.java:11)
at com.baseClasses.BaseClass_Web.click(BaseClass_Web.java:88)
at com.components.eTenderComponent.tendercreatorLogin(eTenderComponent.java:169)
at com.testScripts_mjunction.TG3_TC_TenderCreation_01_tender_publish_with_tender_approval.Tenderpublished_after_tender_approval_TG3(TG3_TC_TenderCreation_01_tender_publish_with_tender_approval.java:55)
at sun.reflect.NativeMethodAccessorImpl.invoke0(Native Method)
at sun.reflect.NativeMethodAccessorImpl.invoke(NativeMethodAccessorImpl.java:62)
at sun.reflect.DelegatingMethodAccessorImpl.invoke(DelegatingMethodAccessorImpl.java:43)
at java.lang.reflect.Method.invoke(Method.java:498)
at org.testng.internal.MethodInvocationHelper.invokeMethod(MethodInvocationHelper.java:133)
at org.testng.internal.TestInvoker.invokeMethod(TestInvoker.java:584)
at org.testng.internal.TestInvoker.invokeTestMethod(TestInvoker.java:172)
at org.testng.internal.MethodRunner.runInSequence(MethodRunner.java:46)
at org.testng.internal.TestInvoker$MethodInvocationAgent.invoke(TestInvoker.java:804)
at org.testng.internal.TestInvoker.invokeTestMethods(TestInvoker.java:145)
at org.testng.internal.TestMethodWorker.invokeTestMethods(TestMethodWorker.java:146)
at org.testng.internal.TestMethodWorker.run(TestMethodWorker.java:128)
at java.util.ArrayList.forEach(ArrayList.java:1257)
at org.testng.TestRunner.privateRun(TestRunner.java:770)
at org.testng.TestRunner.run(TestRunner.java:591)
at org.testng.SuiteRunner.runTest(SuiteRunner.java:402)
at org.testng.SuiteRunner.runSequentially(SuiteRunner.java:396)
at org.testng.SuiteRunner.privateRun(SuiteRunner.java:355)
at org.testng.SuiteRunner.run(SuiteRunner.java:304)
at org.testng.SuiteRunnerWorker.runSuite(SuiteRunnerWorker.java:53)
at org.testng.SuiteRunnerWorker.run(SuiteRunnerWorker.java:96)
at org.testng.TestNG.runSuitesSequentially(TestNG.java:1180)
at org.testng.TestNG.runSuitesLocally(TestNG.java:1102)
at org.testng.TestNG.runSuites(TestNG.java:1032)
at org.testng.TestNG.run(TestNG.java:1000)
at org.testng.remote.AbstractRemoteTestNG.run(AbstractRemoteTestNG.java:115)
at org.testng.remote.RemoteTestNG.initAndRun(RemoteTestNG.java:251)
at org.testng.remote.RemoteTestNG.main(RemoteTestNG.java:77)
]]>
            </full-stacktrace>
          </exception> <!-- java.lang.AssertionError -->
          <reporter-output>
          </reporter-output>
        </test-method> <!-- Tenderpublished_after_tender_approval_TG3 -->
        <test-method status="PASS" signature="afterClass()[pri:0, instance:com.testScripts_mjunction.TG3_TC_TenderCreation_01_tender_publish_with_tender_approval@78186a70]" name="afterClass" is-config="true" duration-ms="18280" started-at="2021-05-15T14:41:57 IST" finished-at="2021-05-15T14:42:15 IST">
          <reporter-output>
          </reporter-output>
        </test-method> <!-- afterClass -->
        <test-method status="PASS" signature="afterSuite()[pri:0, instance:com.testScripts_mjunction.TG3_TC_TenderCreation_01_tender_publish_with_tender_approval@78186a70]" name="afterSuite" is-config="true" duration-ms="104" started-at="2021-05-15T14:42:15 IST" finished-at="2021-05-15T14:42:16 IST">
          <reporter-output>
          </reporter-output>
        </test-method> <!-- afterSuite -->
      </class> <!-- com.testScripts_mjunction.TG3_TC_TenderCreation_01_tender_publish_with_tender_approval -->
    </test> <!-- Test -->
  </suite> <!-- Suite -->
</testng-results>
