<?xml version="1.0" encoding="UTF-8"?>
<!-- Generated by org.testng.reporters.JUnitReportReporter -->
<testsuite skipped="0" hostname="MJLT-1563" name="com.testScripts_mjunction.TC_Evaluation_15_Openingapproval_Y_Evaluationapproval_Y_RejectOnebidder" tests="1" failures="1" timestamp="2021-03-31T19:06:39 IST" time="1364.966" errors="0">
  <testcase name="Tender_Evaluation_with_OpeningApproval_Y_Evaluationapproval_Y_RejectOnebidder" time="1364.966" classname="com.testScripts_mjunction.TC_Evaluation_15_Openingapproval_Y_Evaluationapproval_Y_RejectOnebidder">
    <failure type="java.lang.AssertionError" message="Error Message : Unable to click on the field : element click intercepted: Element &lt;a id=&quot;qout_attachment&quot; data-toggle=&quot;tab&quot; href=&quot;#_qout_attachment&quot; ng-class=&quot;{ &#039;disabledTab&#039;: (&#039;N&#039; == tab.selectedVal &amp;amp;&amp;amp; isRevImpBid == &#039;Y&#039;), &#039;danger-color&#039;: tab.status == &#039;error&#039;, &#039;success-color&#039;: tab.status == &#039;success&#039;, &#039;warning-color&#039;: tab.status == &#039;warning&#039;, &#039;fstcurNot curNot noPointerEvts&#039;: (isNegotiatedBid == &#039;Y&#039; &amp;amp;&amp;amp; tab.state != &#039;CURRENT&#039;) || (isPriceBreakUpBid == &#039;Y&#039; &amp;amp;&amp;amp; tab.state != &#039;CURRENT&#039;) }&quot; ng-click=&quot;tabClickFn(tab.shortName, tab.templategroupId, $index);&quot; class=&quot;ng-binding&quot;&gt;...&lt;/a&gt; is not clickable at point (863, 148). Other element would receive the click: &lt;div class=&quot;modal-body&quot;&gt;...&lt;/div&gt;
  (Session info: chrome=89.0.4389.90)
Build info: version: &#039;3.141.59&#039;, revision: &#039;e82be7d358&#039;, time: &#039;2018-11-14T08:17:03&#039;
System info: host: &#039;MJLT-1563&#039;, ip: &#039;192.168.29.182&#039;, os.name: &#039;Windows 10&#039;, os.arch: &#039;amd64&#039;, os.version: &#039;10.0&#039;, java.version: &#039;1.8.0_241&#039;
Driver info: org.openqa.selenium.chrome.ChromeDriver
Capabilities {acceptInsecureCerts: false, browserName: chrome, browserVersion: 89.0.4389.90, chrome: {chromedriverVersion: 89.0.4389.23 (61b08ee2c5002..., userDataDir: C:\Users\arka.dey\AppData\L...}, goog:chromeOptions: {debuggerAddress: localhost:53657}, javascriptEnabled: true, networkConnectionEnabled: false, pageLoadStrategy: normal, platform: WINDOWS, platformName: WINDOWS, proxy: Proxy(), setWindowRect: true, strictFileInteractability: false, timeouts: {implicit: 0, pageLoad: 300000, script: 30000}, unhandledPromptBehavior: dismiss and notify, webauthn:extension:largeBlob: true, webauthn:virtualAuthenticators: true}
Session ID: d1d753df4754b4471263f8a3c33eac99">
      <![CDATA[java.lang.AssertionError: Error Message : Unable to click on the field : element click intercepted: Element <a id="qout_attachment" data-toggle="tab" href="#_qout_attachment" ng-class="{ 'disabledTab': ('N' == tab.selectedVal &amp;&amp; isRevImpBid == 'Y'), 'danger-color': tab.status == 'error', 'success-color': tab.status == 'success', 'warning-color': tab.status == 'warning', 'fstcurNot curNot noPointerEvts': (isNegotiatedBid == 'Y' &amp;&amp; tab.state != 'CURRENT') || (isPriceBreakUpBid == 'Y' &amp;&amp; tab.state != 'CURRENT') }" ng-click="tabClickFn(tab.shortName, tab.templategroupId, $index);" class="ng-binding">...</a> is not clickable at point (863, 148). Other element would receive the click: <div class="modal-body">...</div>
  (Session info: chrome=89.0.4389.90)
Build info: version: '3.141.59', revision: 'e82be7d358', time: '2018-11-14T08:17:03'
System info: host: 'MJLT-1563', ip: '192.168.29.182', os.name: 'Windows 10', os.arch: 'amd64', os.version: '10.0', java.version: '1.8.0_241'
Driver info: org.openqa.selenium.chrome.ChromeDriver
Capabilities {acceptInsecureCerts: false, browserName: chrome, browserVersion: 89.0.4389.90, chrome: {chromedriverVersion: 89.0.4389.23 (61b08ee2c5002..., userDataDir: C:\Users\arka.dey\AppData\L...}, goog:chromeOptions: {debuggerAddress: localhost:53657}, javascriptEnabled: true, networkConnectionEnabled: false, pageLoadStrategy: normal, platform: WINDOWS, platformName: WINDOWS, proxy: Proxy(), setWindowRect: true, strictFileInteractability: false, timeouts: {implicit: 0, pageLoad: 300000, script: 30000}, unhandledPromptBehavior: dismiss and notify, webauthn:extension:largeBlob: true, webauthn:virtualAuthenticators: true}
Session ID: d1d753df4754b4471263f8a3c33eac99
at com.baseClasses.AutomationException.<init>(AutomationException.java:11)
at com.baseClasses.BaseClass_Web.click(BaseClass_Web.java:88)
at com.components.eTenderComponent.mandatoryFieldValidation_attachmentsTab(eTenderComponent.java:9687)
at com.testScripts_mjunction.TC_Evaluation_15_Openingapproval_Y_Evaluationapproval_Y_RejectOnebidder.Tender_Evaluation_with_OpeningApproval_Y_Evaluationapproval_Y_RejectOnebidder(TC_Evaluation_15_Openingapproval_Y_Evaluationapproval_Y_RejectOnebidder.java:127)
at sun.reflect.NativeMethodAccessorImpl.invoke0(Native Method)
at sun.reflect.NativeMethodAccessorImpl.invoke(NativeMethodAccessorImpl.java:62)
at sun.reflect.DelegatingMethodAccessorImpl.invoke(DelegatingMethodAccessorImpl.java:43)
at java.lang.reflect.Method.invoke(Method.java:498)
at org.testng.internal.MethodInvocationHelper.invokeMethod(MethodInvocationHelper.java:133)
at org.testng.internal.TestInvoker.invokeMethod(TestInvoker.java:584)
at org.testng.internal.TestInvoker.invokeTestMethod(TestInvoker.java:172)
at org.testng.internal.MethodRunner.runInSequence(MethodRunner.java:46)
at org.testng.internal.TestInvoker$MethodInvocationAgent.invoke(TestInvoker.java:804)
at org.testng.internal.TestInvoker.invokeTestMethods(TestInvoker.java:145)
at org.testng.internal.TestMethodWorker.invokeTestMethods(TestMethodWorker.java:146)
at org.testng.internal.TestMethodWorker.run(TestMethodWorker.java:128)
at java.util.ArrayList.forEach(ArrayList.java:1257)
at org.testng.TestRunner.privateRun(TestRunner.java:770)
at org.testng.TestRunner.run(TestRunner.java:591)
at org.testng.SuiteRunner.runTest(SuiteRunner.java:402)
at org.testng.SuiteRunner.runSequentially(SuiteRunner.java:396)
at org.testng.SuiteRunner.privateRun(SuiteRunner.java:355)
at org.testng.SuiteRunner.run(SuiteRunner.java:304)
at org.testng.SuiteRunnerWorker.runSuite(SuiteRunnerWorker.java:53)
at org.testng.SuiteRunnerWorker.run(SuiteRunnerWorker.java:96)
at org.testng.TestNG.runSuitesSequentially(TestNG.java:1180)
at org.testng.TestNG.runSuitesLocally(TestNG.java:1102)
at org.testng.TestNG.runSuites(TestNG.java:1032)
at org.testng.TestNG.run(TestNG.java:1000)
at org.testng.remote.AbstractRemoteTestNG.run(AbstractRemoteTestNG.java:115)
at org.testng.remote.RemoteTestNG.initAndRun(RemoteTestNG.java:251)
at org.testng.remote.RemoteTestNG.main(RemoteTestNG.java:77)
]]>
    </failure>
  </testcase> <!-- Tender_Evaluation_with_OpeningApproval_Y_Evaluationapproval_Y_RejectOnebidder -->
</testsuite> <!-- com.testScripts_mjunction.TC_Evaluation_15_Openingapproval_Y_Evaluationapproval_Y_RejectOnebidder -->
